<?xml version="1.0" encoding="UTF-8"?>
<robot generator="Robot 5.0.1 (Python 3.7.0 on win32)" generated="20220916 16:00:28.713" rpa="false" schemaversion="3">
<suite id="s1" name="Test" source="C:\Users\DELL\PycharmProjects\myProject\Automation\Test.robot">
<test id="s1-t1" name="Goole Search" line="9">
<kw name="Open Browser" library="SeleniumLibrary">
<arg>${URL}</arg>
<arg>chrome</arg>
<doc>Opens a new browser instance to the optional ``url``.</doc>
<msg timestamp="20220916 16:00:29.145" level="INFO">Opening browser 'chrome' to base url 'http://google.com'.</msg>
<status status="PASS" starttime="20220916 16:00:29.144" endtime="20220916 16:00:37.160"/>
</kw>
<kw name="Maximize Browser Window" library="SeleniumLibrary">
<doc>Maximizes current browser window.</doc>
<status status="PASS" starttime="20220916 16:00:37.162" endtime="20220916 16:00:37.344"/>
</kw>
<kw name="Create File" library="OperatingSystem">
<arg>${path}</arg>
<doc>Creates a file with the given content and encoding.</doc>
<msg timestamp="20220916 16:00:37.350" level="INFO" html="true">Created file '&lt;a href="file://C:\Users\DELL\PycharmProjects\myProject\Automation\write_to_file.text"&gt;C:\Users\DELL\PycharmProjects\myProject\Automation\write_to_file.text&lt;/a&gt;'.</msg>
<status status="PASS" starttime="20220916 16:00:37.349" endtime="20220916 16:00:37.350"/>
</kw>
<kw name="Input Text" library="SeleniumLibrary">
<arg>xpath://input[@title="Search"]</arg>
<arg>robot framework</arg>
<doc>Types the given ``text`` into the text field identified by ``locator``.</doc>
<msg timestamp="20220916 16:00:37.356" level="INFO">Typing text 'robot framework' into text field 'xpath://input[@title="Search"]'.</msg>
<status status="PASS" starttime="20220916 16:00:37.354" endtime="20220916 16:00:37.829"/>
</kw>
<kw name="Press Keys" library="SeleniumLibrary">
<arg>xpath://input[@title="Search"]</arg>
<arg>ENTER</arg>
<doc>Simulates the user pressing key(s) to an element or on the active browser.</doc>
<msg timestamp="20220916 16:00:37.834" level="INFO">Sending key(s) ('ENTER',) to xpath://input[@title="Search"] element.</msg>
<msg timestamp="20220916 16:00:38.157" level="INFO">Pressing special key ENTER to element.</msg>
<msg timestamp="20220916 16:00:38.157" level="INFO">Releasing special key ENTER.</msg>
<status status="PASS" starttime="20220916 16:00:37.829" endtime="20220916 16:00:42.351"/>
</kw>
<kw name="Get WebElements" library="SeleniumLibrary">
<var>${elem}</var>
<arg>xpath://div[@id="rso"]/child::div//div[@data-header-feature="0"]//a</arg>
<doc>Returns a list of WebElement objects matching the ``locator``.</doc>
<msg timestamp="20220916 16:00:42.379" level="INFO">${elem} = [&lt;selenium.webdriver.remote.webelement.WebElement (session="fdb455b28e2cb4547ced03172b01a2c9", element="184b8dd4-9d43-49e1-8d05-ee677fd660c9")&gt;, &lt;selenium.webdriver.remote.webelement.WebElement (sessi...</msg>
<status status="PASS" starttime="20220916 16:00:42.351" endtime="20220916 16:00:42.379"/>
</kw>
<for flavor="IN">
<var>${item}</var>
<value>@{elem}</value>
<iter>
<var name="${item}">&lt;selenium.webdriver.remote.webelement.WebElement (session="fdb455b28e2cb4547ced03172b01a2c9", element="184b8dd4-9d43-49e1-8d05-ee677fd660c9")&gt;</var>
<kw name="Get Text" library="SeleniumLibrary">
<var>${label}</var>
<arg>${item}</arg>
<doc>Returns the text value of the element identified by ``locator``.</doc>
<msg timestamp="20220916 16:00:42.408" level="INFO">${label} = Robot Framework - GitHub
https://github.com › robotframework › robotframework</msg>
<status status="PASS" starttime="20220916 16:00:42.379" endtime="20220916 16:00:42.408"/>
</kw>
<kw name="Get Element Attribute" library="SeleniumLibrary">
<var>${texts}</var>
<arg>${item}</arg>
<arg>href</arg>
<doc>Returns the value of ``attribute`` from the element ``locator``.</doc>
<msg timestamp="20220916 16:00:42.434" level="INFO">${texts} = https://github.com/robotframework/robotframework</msg>
<status status="PASS" starttime="20220916 16:00:42.408" endtime="20220916 16:00:42.434"/>
</kw>
<kw name="Log To Console" library="BuiltIn">
<arg>${label}${texts}</arg>
<doc>Logs the given message to the console.</doc>
<status status="PASS" starttime="20220916 16:00:42.434" endtime="20220916 16:00:42.435"/>
</kw>
<kw name="Convert To String" library="BuiltIn">
<var>${link}</var>
<arg>${texts}</arg>
<doc>Converts the given item to a Unicode string.</doc>
<msg timestamp="20220916 16:00:42.435" level="INFO">${link} = https://github.com/robotframework/robotframework</msg>
<status status="PASS" starttime="20220916 16:00:42.435" endtime="20220916 16:00:42.435"/>
</kw>
<kw name="Append To File" library="OperatingSystem">
<arg>${path}</arg>
<arg>${label}\nLink--${link}\n--------------\n</arg>
<arg>UTF-8</arg>
<doc>Appends the given content to the specified file.</doc>
<msg timestamp="20220916 16:00:42.435" level="INFO" html="true">Appended to file '&lt;a href="file://C:\Users\DELL\PycharmProjects\myProject\Automation\write_to_file.text"&gt;C:\Users\DELL\PycharmProjects\myProject\Automation\write_to_file.text&lt;/a&gt;'.</msg>
<status status="PASS" starttime="20220916 16:00:42.435" endtime="20220916 16:00:42.435"/>
</kw>
<status status="PASS" starttime="20220916 16:00:42.379" endtime="20220916 16:00:42.435"/>
</iter>
<iter>
<var name="${item}">&lt;selenium.webdriver.remote.webelement.WebElement (session="fdb455b28e2cb4547ced03172b01a2c9", element="56b8561d-bd4a-4a78-8408-7f8e9f8b59d6")&gt;</var>
<kw name="Get Text" library="SeleniumLibrary">
<var>${label}</var>
<arg>${item}</arg>
<doc>Returns the text value of the element identified by ``locator``.</doc>
<msg timestamp="20220916 16:00:42.466" level="INFO">${label} = Robot Framework Tutorial - Tutorialspoint
https://www.tutorialspoint.com › robot_framework</msg>
<status status="PASS" starttime="20220916 16:00:42.435" endtime="20220916 16:00:42.466"/>
</kw>
<kw name="Get Element Attribute" library="SeleniumLibrary">
<var>${texts}</var>
<arg>${item}</arg>
<arg>href</arg>
<doc>Returns the value of ``attribute`` from the element ``locator``.</doc>
<msg timestamp="20220916 16:00:42.492" level="INFO">${texts} = https://www.tutorialspoint.com/robot_framework/index.htm</msg>
<status status="PASS" starttime="20220916 16:00:42.466" endtime="20220916 16:00:42.492"/>
</kw>
<kw name="Log To Console" library="BuiltIn">
<arg>${label}${texts}</arg>
<doc>Logs the given message to the console.</doc>
<status status="PASS" starttime="20220916 16:00:42.492" endtime="20220916 16:00:42.493"/>
</kw>
<kw name="Convert To String" library="BuiltIn">
<var>${link}</var>
<arg>${texts}</arg>
<doc>Converts the given item to a Unicode string.</doc>
<msg timestamp="20220916 16:00:42.493" level="INFO">${link} = https://www.tutorialspoint.com/robot_framework/index.htm</msg>
<status status="PASS" starttime="20220916 16:00:42.493" endtime="20220916 16:00:42.493"/>
</kw>
<kw name="Append To File" library="OperatingSystem">
<arg>${path}</arg>
<arg>${label}\nLink--${link}\n--------------\n</arg>
<arg>UTF-8</arg>
<doc>Appends the given content to the specified file.</doc>
<msg timestamp="20220916 16:00:42.493" level="INFO" html="true">Appended to file '&lt;a href="file://C:\Users\DELL\PycharmProjects\myProject\Automation\write_to_file.text"&gt;C:\Users\DELL\PycharmProjects\myProject\Automation\write_to_file.text&lt;/a&gt;'.</msg>
<status status="PASS" starttime="20220916 16:00:42.493" endtime="20220916 16:00:42.493"/>
</kw>
<status status="PASS" starttime="20220916 16:00:42.435" endtime="20220916 16:00:42.493"/>
</iter>
<iter>
<var name="${item}">&lt;selenium.webdriver.remote.webelement.WebElement (session="fdb455b28e2cb4547ced03172b01a2c9", element="bd54190f-0320-495d-9663-78d17229b683")&gt;</var>
<kw name="Get Text" library="SeleniumLibrary">
<var>${label}</var>
<arg>${item}</arg>
<doc>Returns the text value of the element identified by ``locator``.</doc>
<msg timestamp="20220916 16:00:42.522" level="INFO">${label} = Robot Framework - Wikipedia
https://en.wikipedia.org › wiki › Robot_Framework</msg>
<status status="PASS" starttime="20220916 16:00:42.493" endtime="20220916 16:00:42.522"/>
</kw>
<kw name="Get Element Attribute" library="SeleniumLibrary">
<var>${texts}</var>
<arg>${item}</arg>
<arg>href</arg>
<doc>Returns the value of ``attribute`` from the element ``locator``.</doc>
<msg timestamp="20220916 16:00:42.541" level="INFO">${texts} = https://en.wikipedia.org/wiki/Robot_Framework</msg>
<status status="PASS" starttime="20220916 16:00:42.523" endtime="20220916 16:00:42.541"/>
</kw>
<kw name="Log To Console" library="BuiltIn">
<arg>${label}${texts}</arg>
<doc>Logs the given message to the console.</doc>
<status status="PASS" starttime="20220916 16:00:42.541" endtime="20220916 16:00:42.542"/>
</kw>
<kw name="Convert To String" library="BuiltIn">
<var>${link}</var>
<arg>${texts}</arg>
<doc>Converts the given item to a Unicode string.</doc>
<msg timestamp="20220916 16:00:42.542" level="INFO">${link} = https://en.wikipedia.org/wiki/Robot_Framework</msg>
<status status="PASS" starttime="20220916 16:00:42.542" endtime="20220916 16:00:42.542"/>
</kw>
<kw name="Append To File" library="OperatingSystem">
<arg>${path}</arg>
<arg>${label}\nLink--${link}\n--------------\n</arg>
<arg>UTF-8</arg>
<doc>Appends the given content to the specified file.</doc>
<msg timestamp="20220916 16:00:42.542" level="INFO" html="true">Appended to file '&lt;a href="file://C:\Users\DELL\PycharmProjects\myProject\Automation\write_to_file.text"&gt;C:\Users\DELL\PycharmProjects\myProject\Automation\write_to_file.text&lt;/a&gt;'.</msg>
<status status="PASS" starttime="20220916 16:00:42.542" endtime="20220916 16:00:42.542"/>
</kw>
<status status="PASS" starttime="20220916 16:00:42.493" endtime="20220916 16:00:42.542"/>
</iter>
<iter>
<var name="${item}">&lt;selenium.webdriver.remote.webelement.WebElement (session="fdb455b28e2cb4547ced03172b01a2c9", element="237febeb-e1bd-4813-b21f-236e97927700")&gt;</var>
<kw name="Get Text" library="SeleniumLibrary">
<var>${label}</var>
<arg>${item}</arg>
<doc>Returns the text value of the element identified by ``locator``.</doc>
<msg timestamp="20220916 16:00:42.573" level="INFO">${label} = Basic concepts of Robot Framework - Robocorp
https://robocorp.com › docs › robot-framework › basics</msg>
<status status="PASS" starttime="20220916 16:00:42.542" endtime="20220916 16:00:42.573"/>
</kw>
<kw name="Get Element Attribute" library="SeleniumLibrary">
<var>${texts}</var>
<arg>${item}</arg>
<arg>href</arg>
<doc>Returns the value of ``attribute`` from the element ``locator``.</doc>
<msg timestamp="20220916 16:00:42.592" level="INFO">${texts} = https://robocorp.com/docs/languages-and-frameworks/robot-framework/basics</msg>
<status status="PASS" starttime="20220916 16:00:42.573" endtime="20220916 16:00:42.592"/>
</kw>
<kw name="Log To Console" library="BuiltIn">
<arg>${label}${texts}</arg>
<doc>Logs the given message to the console.</doc>
<status status="PASS" starttime="20220916 16:00:42.592" endtime="20220916 16:00:42.592"/>
</kw>
<kw name="Convert To String" library="BuiltIn">
<var>${link}</var>
<arg>${texts}</arg>
<doc>Converts the given item to a Unicode string.</doc>
<msg timestamp="20220916 16:00:42.592" level="INFO">${link} = https://robocorp.com/docs/languages-and-frameworks/robot-framework/basics</msg>
<status status="PASS" starttime="20220916 16:00:42.592" endtime="20220916 16:00:42.592"/>
</kw>
<kw name="Append To File" library="OperatingSystem">
<arg>${path}</arg>
<arg>${label}\nLink--${link}\n--------------\n</arg>
<arg>UTF-8</arg>
<doc>Appends the given content to the specified file.</doc>
<msg timestamp="20220916 16:00:42.592" level="INFO" html="true">Appended to file '&lt;a href="file://C:\Users\DELL\PycharmProjects\myProject\Automation\write_to_file.text"&gt;C:\Users\DELL\PycharmProjects\myProject\Automation\write_to_file.text&lt;/a&gt;'.</msg>
<status status="PASS" starttime="20220916 16:00:42.592" endtime="20220916 16:00:42.592"/>
</kw>
<status status="PASS" starttime="20220916 16:00:42.542" endtime="20220916 16:00:42.592"/>
</iter>
<iter>
<var name="${item}">&lt;selenium.webdriver.remote.webelement.WebElement (session="fdb455b28e2cb4547ced03172b01a2c9", element="86b2a601-f577-461d-a685-bae20df65ac1")&gt;</var>
<kw name="Get Text" library="SeleniumLibrary">
<var>${label}</var>
<arg>${item}</arg>
<doc>Returns the text value of the element identified by ``locator``.</doc>
<msg timestamp="20220916 16:00:42.625" level="INFO">${label} = Robot Framework in Python - GeeksforGeeks
https://www.geeksforgeeks.org › robot-framework-in-p...</msg>
<status status="PASS" starttime="20220916 16:00:42.592" endtime="20220916 16:00:42.626"/>
</kw>
<kw name="Get Element Attribute" library="SeleniumLibrary">
<var>${texts}</var>
<arg>${item}</arg>
<arg>href</arg>
<doc>Returns the value of ``attribute`` from the element ``locator``.</doc>
<msg timestamp="20220916 16:00:42.645" level="INFO">${texts} = https://www.geeksforgeeks.org/robot-framework-in-python/</msg>
<status status="PASS" starttime="20220916 16:00:42.626" endtime="20220916 16:00:42.645"/>
</kw>
<kw name="Log To Console" library="BuiltIn">
<arg>${label}${texts}</arg>
<doc>Logs the given message to the console.</doc>
<status status="PASS" starttime="20220916 16:00:42.645" endtime="20220916 16:00:42.645"/>
</kw>
<kw name="Convert To String" library="BuiltIn">
<var>${link}</var>
<arg>${texts}</arg>
<doc>Converts the given item to a Unicode string.</doc>
<msg timestamp="20220916 16:00:42.645" level="INFO">${link} = https://www.geeksforgeeks.org/robot-framework-in-python/</msg>
<status status="PASS" starttime="20220916 16:00:42.645" endtime="20220916 16:00:42.645"/>
</kw>
<kw name="Append To File" library="OperatingSystem">
<arg>${path}</arg>
<arg>${label}\nLink--${link}\n--------------\n</arg>
<arg>UTF-8</arg>
<doc>Appends the given content to the specified file.</doc>
<msg timestamp="20220916 16:00:42.645" level="INFO" html="true">Appended to file '&lt;a href="file://C:\Users\DELL\PycharmProjects\myProject\Automation\write_to_file.text"&gt;C:\Users\DELL\PycharmProjects\myProject\Automation\write_to_file.text&lt;/a&gt;'.</msg>
<status status="PASS" starttime="20220916 16:00:42.645" endtime="20220916 16:00:42.645"/>
</kw>
<status status="PASS" starttime="20220916 16:00:42.592" endtime="20220916 16:00:42.645"/>
</iter>
<iter>
<var name="${item}">&lt;selenium.webdriver.remote.webelement.WebElement (session="fdb455b28e2cb4547ced03172b01a2c9", element="03ad68c9-4fd8-42b3-bc10-615d51351f97")&gt;</var>
<kw name="Get Text" library="SeleniumLibrary">
<var>${label}</var>
<arg>${item}</arg>
<doc>Returns the text value of the element identified by ``locator``.</doc>
<msg timestamp="20220916 16:00:42.678" level="INFO">${label} = Robot Framework - Test Automation University - Applitools
https://testautomationu.applitools.com › robot-framewo...</msg>
<status status="PASS" starttime="20220916 16:00:42.645" endtime="20220916 16:00:42.678"/>
</kw>
<kw name="Get Element Attribute" library="SeleniumLibrary">
<var>${texts}</var>
<arg>${item}</arg>
<arg>href</arg>
<doc>Returns the value of ``attribute`` from the element ``locator``.</doc>
<msg timestamp="20220916 16:00:42.698" level="INFO">${texts} = https://testautomationu.applitools.com/robot-framework-tutorial/</msg>
<status status="PASS" starttime="20220916 16:00:42.678" endtime="20220916 16:00:42.698"/>
</kw>
<kw name="Log To Console" library="BuiltIn">
<arg>${label}${texts}</arg>
<doc>Logs the given message to the console.</doc>
<status status="PASS" starttime="20220916 16:00:42.698" endtime="20220916 16:00:42.699"/>
</kw>
<kw name="Convert To String" library="BuiltIn">
<var>${link}</var>
<arg>${texts}</arg>
<doc>Converts the given item to a Unicode string.</doc>
<msg timestamp="20220916 16:00:42.699" level="INFO">${link} = https://testautomationu.applitools.com/robot-framework-tutorial/</msg>
<status status="PASS" starttime="20220916 16:00:42.699" endtime="20220916 16:00:42.699"/>
</kw>
<kw name="Append To File" library="OperatingSystem">
<arg>${path}</arg>
<arg>${label}\nLink--${link}\n--------------\n</arg>
<arg>UTF-8</arg>
<doc>Appends the given content to the specified file.</doc>
<msg timestamp="20220916 16:00:42.743" level="INFO" html="true">Appended to file '&lt;a href="file://C:\Users\DELL\PycharmProjects\myProject\Automation\write_to_file.text"&gt;C:\Users\DELL\PycharmProjects\myProject\Automation\write_to_file.text&lt;/a&gt;'.</msg>
<status status="PASS" starttime="20220916 16:00:42.699" endtime="20220916 16:00:42.743"/>
</kw>
<status status="PASS" starttime="20220916 16:00:42.645" endtime="20220916 16:00:42.743"/>
</iter>
<status status="PASS" starttime="20220916 16:00:42.379" endtime="20220916 16:00:42.743"/>
</for>
<kw name="Close Browser" library="SeleniumLibrary">
<doc>Closes the current browser.</doc>
<status status="PASS" starttime="20220916 16:00:42.743" endtime="20220916 16:00:44.976"/>
</kw>
<status status="PASS" starttime="20220916 16:00:29.143" endtime="20220916 16:00:44.977"/>
</test>
<status status="PASS" starttime="20220916 16:00:28.725" endtime="20220916 16:00:44.980"/>
</suite>
<statistics>
<total>
<stat pass="1" fail="0" skip="0">All Tests</stat>
</total>
<tag>
</tag>
<suite>
<stat pass="1" fail="0" skip="0" id="s1" name="Test">Test</stat>
</suite>
</statistics>
<errors>
</errors>
</robot>
