<?xml version="1.0" encoding="UTF-8"?>
<robot generator="Robot 5.0.1 (Python 3.7.0 on win32)" generated="20220919 21:12:37.018" rpa="false" schemaversion="3">
<suite id="s1" name="Test" source="C:\Users\DELL\robotframework\RobotFramework\Automation\Test.robot">
<test id="s1-t1" name="Goole Search" line="9">
<kw name="Open Browser" library="SeleniumLibrary">
<arg>${URL}</arg>
<arg>chrome</arg>
<doc>Opens a new browser instance to the optional ``url``.</doc>
<msg timestamp="20220919 21:12:38.635" level="INFO">Opening browser 'chrome' to base url 'http://google.com'.</msg>
<status status="PASS" starttime="20220919 21:12:38.618" endtime="20220919 21:13:14.301"/>
</kw>
<kw name="Maximize Browser Window" library="SeleniumLibrary">
<doc>Maximizes current browser window.</doc>
<status status="PASS" starttime="20220919 21:13:14.303" endtime="20220919 21:13:14.730"/>
</kw>
<kw name="Create File" library="OperatingSystem">
<arg>${path}</arg>
<doc>Creates a file with the given content and encoding.</doc>
<msg timestamp="20220919 21:13:14.737" level="INFO" html="true">Created file '&lt;a href="file://C:\Users\DELL\robotframework\RobotFramework\Automation\write_to_file.text"&gt;C:\Users\DELL\robotframework\RobotFramework\Automation\write_to_file.text&lt;/a&gt;'.</msg>
<status status="PASS" starttime="20220919 21:13:14.733" endtime="20220919 21:13:14.737"/>
</kw>
<kw name="Input Text" library="SeleniumLibrary">
<arg>xpath://input[@title="Search"]</arg>
<arg>robot framework</arg>
<doc>Types the given ``text`` into the text field identified by ``locator``.</doc>
<msg timestamp="20220919 21:13:14.739" level="INFO">Typing text 'robot framework' into text field 'xpath://input[@title="Search"]'.</msg>
<status status="PASS" starttime="20220919 21:13:14.737" endtime="20220919 21:13:16.185"/>
</kw>
<kw name="Press Keys" library="SeleniumLibrary">
<arg>xpath://input[@title="Search"]</arg>
<arg>ENTER</arg>
<doc>Simulates the user pressing key(s) to an element or on the active browser.</doc>
<msg timestamp="20220919 21:13:16.188" level="INFO">Sending key(s) ('ENTER',) to xpath://input[@title="Search"] element.</msg>
<msg timestamp="20220919 21:13:16.949" level="INFO">Pressing special key ENTER to element.</msg>
<msg timestamp="20220919 21:13:16.949" level="INFO">Releasing special key ENTER.</msg>
<status status="PASS" starttime="20220919 21:13:16.186" endtime="20220919 21:13:33.244"/>
</kw>
<kw name="Get WebElements" library="SeleniumLibrary">
<var>${elem}</var>
<arg>xpath://div[@id="rso"]/child::div//div[@data-header-feature="0"]//a</arg>
<doc>Returns a list of WebElement objects matching the ``locator``.</doc>
<msg timestamp="20220919 21:13:33.308" level="INFO">${elem} = [&lt;selenium.webdriver.remote.webelement.WebElement (session="432f9e219899da073a2ea00e0e9f9a0b", element="b6d35bbf-73b1-426a-920f-cd4809849bc4")&gt;, &lt;selenium.webdriver.remote.webelement.WebElement (sessi...</msg>
<status status="PASS" starttime="20220919 21:13:33.245" endtime="20220919 21:13:33.308"/>
</kw>
<for flavor="IN">
<var>${item}</var>
<value>@{elem}</value>
<iter>
<var name="${item}">&lt;selenium.webdriver.remote.webelement.WebElement (session="432f9e219899da073a2ea00e0e9f9a0b", element="b6d35bbf-73b1-426a-920f-cd4809849bc4")&gt;</var>
<kw name="Get Text" library="SeleniumLibrary">
<var>${label}</var>
<arg>${item}</arg>
<doc>Returns the text value of the element identified by ``locator``.</doc>
<msg timestamp="20220919 21:13:33.468" level="INFO">${label} = Robot Framework Tutorial - Tutorialspoint
https://www.tutorialspoint.com › robot_framework</msg>
<status status="PASS" starttime="20220919 21:13:33.308" endtime="20220919 21:13:33.468"/>
</kw>
<kw name="Get Element Attribute" library="SeleniumLibrary">
<var>${texts}</var>
<arg>${item}</arg>
<arg>href</arg>
<doc>Returns the value of ``attribute`` from the element ``locator``.</doc>
<msg timestamp="20220919 21:13:33.538" level="INFO">${texts} = https://www.tutorialspoint.com/robot_framework/index.htm</msg>
<status status="PASS" starttime="20220919 21:13:33.468" endtime="20220919 21:13:33.538"/>
</kw>
<kw name="Log To Console" library="BuiltIn">
<arg>${label}${texts}</arg>
<doc>Logs the given message to the console.</doc>
<status status="PASS" starttime="20220919 21:13:33.539" endtime="20220919 21:13:33.541"/>
</kw>
<kw name="Convert To String" library="BuiltIn">
<var>${link}</var>
<arg>${texts}</arg>
<doc>Converts the given item to a Unicode string.</doc>
<msg timestamp="20220919 21:13:33.555" level="INFO">${link} = https://www.tutorialspoint.com/robot_framework/index.htm</msg>
<status status="PASS" starttime="20220919 21:13:33.554" endtime="20220919 21:13:33.555"/>
</kw>
<kw name="Append To File" library="OperatingSystem">
<arg>${path}</arg>
<arg>${label}\nLink--${link}\n--------------\n</arg>
<arg>UTF-8</arg>
<doc>Appends the given content to the specified file.</doc>
<msg timestamp="20220919 21:13:33.557" level="INFO" html="true">Appended to file '&lt;a href="file://C:\Users\DELL\robotframework\RobotFramework\Automation\write_to_file.text"&gt;C:\Users\DELL\robotframework\RobotFramework\Automation\write_to_file.text&lt;/a&gt;'.</msg>
<status status="PASS" starttime="20220919 21:13:33.555" endtime="20220919 21:13:33.557"/>
</kw>
<status status="PASS" starttime="20220919 21:13:33.308" endtime="20220919 21:13:33.557"/>
</iter>
<iter>
<var name="${item}">&lt;selenium.webdriver.remote.webelement.WebElement (session="432f9e219899da073a2ea00e0e9f9a0b", element="2d6164f0-d940-4356-9378-255d1f726588")&gt;</var>
<kw name="Get Text" library="SeleniumLibrary">
<var>${label}</var>
<arg>${item}</arg>
<doc>Returns the text value of the element identified by ``locator``.</doc>
<msg timestamp="20220919 21:13:33.604" level="INFO">${label} = Robot Framework - GitHub
https://github.com › robotframework › robotframework</msg>
<status status="PASS" starttime="20220919 21:13:33.559" endtime="20220919 21:13:33.604"/>
</kw>
<kw name="Get Element Attribute" library="SeleniumLibrary">
<var>${texts}</var>
<arg>${item}</arg>
<arg>href</arg>
<doc>Returns the value of ``attribute`` from the element ``locator``.</doc>
<msg timestamp="20220919 21:13:33.635" level="INFO">${texts} = https://github.com/robotframework/robotframework</msg>
<status status="PASS" starttime="20220919 21:13:33.605" endtime="20220919 21:13:33.635"/>
</kw>
<kw name="Log To Console" library="BuiltIn">
<arg>${label}${texts}</arg>
<doc>Logs the given message to the console.</doc>
<status status="PASS" starttime="20220919 21:13:33.636" endtime="20220919 21:13:33.637"/>
</kw>
<kw name="Convert To String" library="BuiltIn">
<var>${link}</var>
<arg>${texts}</arg>
<doc>Converts the given item to a Unicode string.</doc>
<msg timestamp="20220919 21:13:33.638" level="INFO">${link} = https://github.com/robotframework/robotframework</msg>
<status status="PASS" starttime="20220919 21:13:33.637" endtime="20220919 21:13:33.638"/>
</kw>
<kw name="Append To File" library="OperatingSystem">
<arg>${path}</arg>
<arg>${label}\nLink--${link}\n--------------\n</arg>
<arg>UTF-8</arg>
<doc>Appends the given content to the specified file.</doc>
<msg timestamp="20220919 21:13:33.639" level="INFO" html="true">Appended to file '&lt;a href="file://C:\Users\DELL\robotframework\RobotFramework\Automation\write_to_file.text"&gt;C:\Users\DELL\robotframework\RobotFramework\Automation\write_to_file.text&lt;/a&gt;'.</msg>
<status status="PASS" starttime="20220919 21:13:33.638" endtime="20220919 21:13:33.639"/>
</kw>
<status status="PASS" starttime="20220919 21:13:33.557" endtime="20220919 21:13:33.639"/>
</iter>
<iter>
<var name="${item}">&lt;selenium.webdriver.remote.webelement.WebElement (session="432f9e219899da073a2ea00e0e9f9a0b", element="92e8cd92-5d4e-4622-968a-7514b1b74b6c")&gt;</var>
<kw name="Get Text" library="SeleniumLibrary">
<var>${label}</var>
<arg>${item}</arg>
<doc>Returns the text value of the element identified by ``locator``.</doc>
<msg timestamp="20220919 21:13:33.674" level="INFO">${label} = Robot Framework - Wikipedia
https://en.wikipedia.org › wiki › Robot_Framework</msg>
<status status="PASS" starttime="20220919 21:13:33.639" endtime="20220919 21:13:33.674"/>
</kw>
<kw name="Get Element Attribute" library="SeleniumLibrary">
<var>${texts}</var>
<arg>${item}</arg>
<arg>href</arg>
<doc>Returns the value of ``attribute`` from the element ``locator``.</doc>
<msg timestamp="20220919 21:13:33.693" level="INFO">${texts} = https://en.wikipedia.org/wiki/Robot_Framework</msg>
<status status="PASS" starttime="20220919 21:13:33.674" endtime="20220919 21:13:33.693"/>
</kw>
<kw name="Log To Console" library="BuiltIn">
<arg>${label}${texts}</arg>
<doc>Logs the given message to the console.</doc>
<status status="PASS" starttime="20220919 21:13:33.693" endtime="20220919 21:13:33.694"/>
</kw>
<kw name="Convert To String" library="BuiltIn">
<var>${link}</var>
<arg>${texts}</arg>
<doc>Converts the given item to a Unicode string.</doc>
<msg timestamp="20220919 21:13:33.694" level="INFO">${link} = https://en.wikipedia.org/wiki/Robot_Framework</msg>
<status status="PASS" starttime="20220919 21:13:33.694" endtime="20220919 21:13:33.694"/>
</kw>
<kw name="Append To File" library="OperatingSystem">
<arg>${path}</arg>
<arg>${label}\nLink--${link}\n--------------\n</arg>
<arg>UTF-8</arg>
<doc>Appends the given content to the specified file.</doc>
<msg timestamp="20220919 21:13:33.694" level="INFO" html="true">Appended to file '&lt;a href="file://C:\Users\DELL\robotframework\RobotFramework\Automation\write_to_file.text"&gt;C:\Users\DELL\robotframework\RobotFramework\Automation\write_to_file.text&lt;/a&gt;'.</msg>
<status status="PASS" starttime="20220919 21:13:33.694" endtime="20220919 21:13:33.694"/>
</kw>
<status status="PASS" starttime="20220919 21:13:33.639" endtime="20220919 21:13:33.694"/>
</iter>
<iter>
<var name="${item}">&lt;selenium.webdriver.remote.webelement.WebElement (session="432f9e219899da073a2ea00e0e9f9a0b", element="94a348f7-d015-4824-863d-117f9162466a")&gt;</var>
<kw name="Get Text" library="SeleniumLibrary">
<var>${label}</var>
<arg>${item}</arg>
<doc>Returns the text value of the element identified by ``locator``.</doc>
<msg timestamp="20220919 21:13:33.735" level="INFO">${label} = Basic concepts of Robot Framework - Robocorp
https://robocorp.com › docs › robot-framework › basics</msg>
<status status="PASS" starttime="20220919 21:13:33.694" endtime="20220919 21:13:33.735"/>
</kw>
<kw name="Get Element Attribute" library="SeleniumLibrary">
<var>${texts}</var>
<arg>${item}</arg>
<arg>href</arg>
<doc>Returns the value of ``attribute`` from the element ``locator``.</doc>
<msg timestamp="20220919 21:13:33.756" level="INFO">${texts} = https://robocorp.com/docs/languages-and-frameworks/robot-framework/basics</msg>
<status status="PASS" starttime="20220919 21:13:33.735" endtime="20220919 21:13:33.756"/>
</kw>
<kw name="Log To Console" library="BuiltIn">
<arg>${label}${texts}</arg>
<doc>Logs the given message to the console.</doc>
<status status="PASS" starttime="20220919 21:13:33.756" endtime="20220919 21:13:33.756"/>
</kw>
<kw name="Convert To String" library="BuiltIn">
<var>${link}</var>
<arg>${texts}</arg>
<doc>Converts the given item to a Unicode string.</doc>
<msg timestamp="20220919 21:13:33.759" level="INFO">${link} = https://robocorp.com/docs/languages-and-frameworks/robot-framework/basics</msg>
<status status="PASS" starttime="20220919 21:13:33.756" endtime="20220919 21:13:33.759"/>
</kw>
<kw name="Append To File" library="OperatingSystem">
<arg>${path}</arg>
<arg>${label}\nLink--${link}\n--------------\n</arg>
<arg>UTF-8</arg>
<doc>Appends the given content to the specified file.</doc>
<msg timestamp="20220919 21:13:33.761" level="INFO" html="true">Appended to file '&lt;a href="file://C:\Users\DELL\robotframework\RobotFramework\Automation\write_to_file.text"&gt;C:\Users\DELL\robotframework\RobotFramework\Automation\write_to_file.text&lt;/a&gt;'.</msg>
<status status="PASS" starttime="20220919 21:13:33.759" endtime="20220919 21:13:33.761"/>
</kw>
<status status="PASS" starttime="20220919 21:13:33.694" endtime="20220919 21:13:33.761"/>
</iter>
<iter>
<var name="${item}">&lt;selenium.webdriver.remote.webelement.WebElement (session="432f9e219899da073a2ea00e0e9f9a0b", element="57b00b4a-e1fd-42f1-8b91-f8407f3a4abf")&gt;</var>
<kw name="Get Text" library="SeleniumLibrary">
<var>${label}</var>
<arg>${item}</arg>
<doc>Returns the text value of the element identified by ``locator``.</doc>
<msg timestamp="20220919 21:13:33.800" level="INFO">${label} = Robot Framework - Test Automation University - Applitools
https://testautomationu.applitools.com › robot-framewo...</msg>
<status status="PASS" starttime="20220919 21:13:33.761" endtime="20220919 21:13:33.800"/>
</kw>
<kw name="Get Element Attribute" library="SeleniumLibrary">
<var>${texts}</var>
<arg>${item}</arg>
<arg>href</arg>
<doc>Returns the value of ``attribute`` from the element ``locator``.</doc>
<msg timestamp="20220919 21:13:33.821" level="INFO">${texts} = https://testautomationu.applitools.com/robot-framework-tutorial/</msg>
<status status="PASS" starttime="20220919 21:13:33.800" endtime="20220919 21:13:33.821"/>
</kw>
<kw name="Log To Console" library="BuiltIn">
<arg>${label}${texts}</arg>
<doc>Logs the given message to the console.</doc>
<status status="PASS" starttime="20220919 21:13:33.821" endtime="20220919 21:13:33.822"/>
</kw>
<kw name="Convert To String" library="BuiltIn">
<var>${link}</var>
<arg>${texts}</arg>
<doc>Converts the given item to a Unicode string.</doc>
<msg timestamp="20220919 21:13:33.822" level="INFO">${link} = https://testautomationu.applitools.com/robot-framework-tutorial/</msg>
<status status="PASS" starttime="20220919 21:13:33.822" endtime="20220919 21:13:33.822"/>
</kw>
<kw name="Append To File" library="OperatingSystem">
<arg>${path}</arg>
<arg>${label}\nLink--${link}\n--------------\n</arg>
<arg>UTF-8</arg>
<doc>Appends the given content to the specified file.</doc>
<msg timestamp="20220919 21:13:33.822" level="INFO" html="true">Appended to file '&lt;a href="file://C:\Users\DELL\robotframework\RobotFramework\Automation\write_to_file.text"&gt;C:\Users\DELL\robotframework\RobotFramework\Automation\write_to_file.text&lt;/a&gt;'.</msg>
<status status="PASS" starttime="20220919 21:13:33.822" endtime="20220919 21:13:33.822"/>
</kw>
<status status="PASS" starttime="20220919 21:13:33.761" endtime="20220919 21:13:33.822"/>
</iter>
<iter>
<var name="${item}">&lt;selenium.webdriver.remote.webelement.WebElement (session="432f9e219899da073a2ea00e0e9f9a0b", element="57a7fb1f-6a87-45ce-977e-34814af6d146")&gt;</var>
<kw name="Get Text" library="SeleniumLibrary">
<var>${label}</var>
<arg>${item}</arg>
<doc>Returns the text value of the element identified by ``locator``.</doc>
<msg timestamp="20220919 21:13:33.853" level="INFO">${label} = Robot Framework in Python - GeeksforGeeks
https://www.geeksforgeeks.org › robot-framework-in-p...</msg>
<status status="PASS" starttime="20220919 21:13:33.822" endtime="20220919 21:13:33.853"/>
</kw>
<kw name="Get Element Attribute" library="SeleniumLibrary">
<var>${texts}</var>
<arg>${item}</arg>
<arg>href</arg>
<doc>Returns the value of ``attribute`` from the element ``locator``.</doc>
<msg timestamp="20220919 21:13:33.870" level="INFO">${texts} = https://www.geeksforgeeks.org/robot-framework-in-python/</msg>
<status status="PASS" starttime="20220919 21:13:33.853" endtime="20220919 21:13:33.870"/>
</kw>
<kw name="Log To Console" library="BuiltIn">
<arg>${label}${texts}</arg>
<doc>Logs the given message to the console.</doc>
<status status="PASS" starttime="20220919 21:13:33.871" endtime="20220919 21:13:33.871"/>
</kw>
<kw name="Convert To String" library="BuiltIn">
<var>${link}</var>
<arg>${texts}</arg>
<doc>Converts the given item to a Unicode string.</doc>
<msg timestamp="20220919 21:13:33.871" level="INFO">${link} = https://www.geeksforgeeks.org/robot-framework-in-python/</msg>
<status status="PASS" starttime="20220919 21:13:33.871" endtime="20220919 21:13:33.871"/>
</kw>
<kw name="Append To File" library="OperatingSystem">
<arg>${path}</arg>
<arg>${label}\nLink--${link}\n--------------\n</arg>
<arg>UTF-8</arg>
<doc>Appends the given content to the specified file.</doc>
<msg timestamp="20220919 21:13:33.871" level="INFO" html="true">Appended to file '&lt;a href="file://C:\Users\DELL\robotframework\RobotFramework\Automation\write_to_file.text"&gt;C:\Users\DELL\robotframework\RobotFramework\Automation\write_to_file.text&lt;/a&gt;'.</msg>
<status status="PASS" starttime="20220919 21:13:33.871" endtime="20220919 21:13:33.871"/>
</kw>
<status status="PASS" starttime="20220919 21:13:33.822" endtime="20220919 21:13:33.871"/>
</iter>
<iter>
<var name="${item}">&lt;selenium.webdriver.remote.webelement.WebElement (session="432f9e219899da073a2ea00e0e9f9a0b", element="d777ca53-1306-4a02-8ae8-a3c99f23961b")&gt;</var>
<kw name="Get Text" library="SeleniumLibrary">
<var>${label}</var>
<arg>${item}</arg>
<doc>Returns the text value of the element identified by ``locator``.</doc>
<msg timestamp="20220919 21:13:33.910" level="INFO">${label} = How to Get Started with Robot Framework (with Example)
https://smartbear.com › blog › how-to-get-started-with-...</msg>
<status status="PASS" starttime="20220919 21:13:33.871" endtime="20220919 21:13:33.910"/>
</kw>
<kw name="Get Element Attribute" library="SeleniumLibrary">
<var>${texts}</var>
<arg>${item}</arg>
<arg>href</arg>
<doc>Returns the value of ``attribute`` from the element ``locator``.</doc>
<msg timestamp="20220919 21:13:33.926" level="INFO">${texts} = https://smartbear.com/blog/how-to-get-started-with-robot-framework/</msg>
<status status="PASS" starttime="20220919 21:13:33.910" endtime="20220919 21:13:33.926"/>
</kw>
<kw name="Log To Console" library="BuiltIn">
<arg>${label}${texts}</arg>
<doc>Logs the given message to the console.</doc>
<status status="PASS" starttime="20220919 21:13:33.927" endtime="20220919 21:13:33.927"/>
</kw>
<kw name="Convert To String" library="BuiltIn">
<var>${link}</var>
<arg>${texts}</arg>
<doc>Converts the given item to a Unicode string.</doc>
<msg timestamp="20220919 21:13:33.927" level="INFO">${link} = https://smartbear.com/blog/how-to-get-started-with-robot-framework/</msg>
<status status="PASS" starttime="20220919 21:13:33.927" endtime="20220919 21:13:33.927"/>
</kw>
<kw name="Append To File" library="OperatingSystem">
<arg>${path}</arg>
<arg>${label}\nLink--${link}\n--------------\n</arg>
<arg>UTF-8</arg>
<doc>Appends the given content to the specified file.</doc>
<msg timestamp="20220919 21:13:33.927" level="INFO" html="true">Appended to file '&lt;a href="file://C:\Users\DELL\robotframework\RobotFramework\Automation\write_to_file.text"&gt;C:\Users\DELL\robotframework\RobotFramework\Automation\write_to_file.text&lt;/a&gt;'.</msg>
<status status="PASS" starttime="20220919 21:13:33.927" endtime="20220919 21:13:33.927"/>
</kw>
<status status="PASS" starttime="20220919 21:13:33.871" endtime="20220919 21:13:33.927"/>
</iter>
<status status="PASS" starttime="20220919 21:13:33.308" endtime="20220919 21:13:33.927"/>
</for>
<kw name="Close Browser" library="SeleniumLibrary">
<doc>Closes the current browser.</doc>
<status status="PASS" starttime="20220919 21:13:33.927" endtime="20220919 21:13:37.951"/>
</kw>
<status status="PASS" starttime="20220919 21:12:38.618" endtime="20220919 21:13:37.953"/>
</test>
<status status="PASS" starttime="20220919 21:12:37.023" endtime="20220919 21:13:37.956"/>
</suite>
<statistics>
<total>
<stat pass="1" fail="0" skip="0">All Tests</stat>
</total>
<tag>
</tag>
<suite>
<stat pass="1" fail="0" skip="0" id="s1" name="Test">Test</stat>
</suite>
</statistics>
<errors>
</errors>
</robot>
