<?xml version="1.0" encoding="UTF-8"?>
<robot generator="Robot 5.0.1 (Python 3.7.0 on win32)" generated="20220919 21:53:03.245" rpa="false" schemaversion="3">
<suite id="s1" name="Test" source="C:\Users\DELL\robotframework\RobotFramework\Automation\Test.robot">
<test id="s1-t1" name="Goole Search" line="9">
<kw name="Open Browser" library="SeleniumLibrary">
<arg>${URL}</arg>
<arg>chrome</arg>
<doc>Opens a new browser instance to the optional ``url``.</doc>
<msg timestamp="20220919 21:53:04.918" level="INFO">Opening browser 'chrome' to base url 'http://google.com'.</msg>
<status status="PASS" starttime="20220919 21:53:04.918" endtime="20220919 21:53:24.249"/>
</kw>
<kw name="Maximize Browser Window" library="SeleniumLibrary">
<doc>Maximizes current browser window.</doc>
<status status="PASS" starttime="20220919 21:53:24.249" endtime="20220919 21:53:24.497"/>
</kw>
<kw name="Create File" library="OperatingSystem">
<arg>${path}</arg>
<doc>Creates a file with the given content and encoding.</doc>
<msg timestamp="20220919 21:53:24.498" level="INFO" html="true">Created file '&lt;a href="file://C:\Users\DELL\robotframework\RobotFramework\Automation\write_to_file.text"&gt;C:\Users\DELL\robotframework\RobotFramework\Automation\write_to_file.text&lt;/a&gt;'.</msg>
<status status="PASS" starttime="20220919 21:53:24.498" endtime="20220919 21:53:24.498"/>
</kw>
<kw name="Input Text" library="SeleniumLibrary">
<arg>xpath://input[@title="Search"]</arg>
<arg>robot framework</arg>
<doc>Types the given ``text`` into the text field identified by ``locator``.</doc>
<msg timestamp="20220919 21:53:24.498" level="INFO">Typing text 'robot framework' into text field 'xpath://input[@title="Search"]'.</msg>
<status status="PASS" starttime="20220919 21:53:24.498" endtime="20220919 21:53:25.554"/>
</kw>
<kw name="Press Keys" library="SeleniumLibrary">
<arg>xpath://input[@title="Search"]</arg>
<arg>ENTER</arg>
<doc>Simulates the user pressing key(s) to an element or on the active browser.</doc>
<msg timestamp="20220919 21:53:25.555" level="INFO">Sending key(s) ('ENTER',) to xpath://input[@title="Search"] element.</msg>
<msg timestamp="20220919 21:53:26.255" level="INFO">Pressing special key ENTER to element.</msg>
<msg timestamp="20220919 21:53:26.255" level="INFO">Releasing special key ENTER.</msg>
<status status="PASS" starttime="20220919 21:53:25.555" endtime="20220919 21:53:32.389"/>
</kw>
<kw name="Get WebElements" library="SeleniumLibrary">
<var>${elem}</var>
<arg>xpath://div[@id="rso"]/child::div//div[@data-header-feature="0"]//a</arg>
<doc>Returns a list of WebElement objects matching the ``locator``.</doc>
<msg timestamp="20220919 21:53:32.422" level="INFO">${elem} = [&lt;selenium.webdriver.remote.webelement.WebElement (session="3a7eb7cf3be24f44cf255e6dafc14083", element="6aab37cf-a560-407d-bdf9-71779d9e04d5")&gt;, &lt;selenium.webdriver.remote.webelement.WebElement (sessi...</msg>
<status status="PASS" starttime="20220919 21:53:32.390" endtime="20220919 21:53:32.422"/>
</kw>
<for flavor="IN">
<var>${item}</var>
<value>@{elem}</value>
<iter>
<var name="${item}">&lt;selenium.webdriver.remote.webelement.WebElement (session="3a7eb7cf3be24f44cf255e6dafc14083", element="6aab37cf-a560-407d-bdf9-71779d9e04d5")&gt;</var>
<kw name="Get Text" library="SeleniumLibrary">
<var>${label}</var>
<arg>${item}</arg>
<doc>Returns the text value of the element identified by ``locator``.</doc>
<msg timestamp="20220919 21:53:32.859" level="INFO">${label} = Robot Framework Tutorial - Tutorialspoint
https://www.tutorialspoint.com › robot_framework</msg>
<status status="PASS" starttime="20220919 21:53:32.425" endtime="20220919 21:53:32.859"/>
</kw>
<kw name="Get Element Attribute" library="SeleniumLibrary">
<var>${texts}</var>
<arg>${item}</arg>
<arg>href</arg>
<doc>Returns the value of ``attribute`` from the element ``locator``.</doc>
<msg timestamp="20220919 21:53:32.957" level="INFO">${texts} = https://www.tutorialspoint.com/robot_framework/index.htm</msg>
<status status="PASS" starttime="20220919 21:53:32.859" endtime="20220919 21:53:32.957"/>
</kw>
<kw name="Log To Console" library="BuiltIn">
<arg>${label}${texts}</arg>
<doc>Logs the given message to the console.</doc>
<status status="PASS" starttime="20220919 21:53:32.957" endtime="20220919 21:53:32.960"/>
</kw>
<kw name="Convert To String" library="BuiltIn">
<var>${link}</var>
<arg>${texts}</arg>
<doc>Converts the given item to a Unicode string.</doc>
<msg timestamp="20220919 21:53:32.960" level="INFO">${link} = https://www.tutorialspoint.com/robot_framework/index.htm</msg>
<status status="PASS" starttime="20220919 21:53:32.960" endtime="20220919 21:53:32.961"/>
</kw>
<kw name="Append To File" library="OperatingSystem">
<arg>${path}</arg>
<arg>${label}\nLink--${link}\n--------------\n</arg>
<arg>UTF-8</arg>
<doc>Appends the given content to the specified file.</doc>
<msg timestamp="20220919 21:53:32.961" level="INFO" html="true">Appended to file '&lt;a href="file://C:\Users\DELL\robotframework\RobotFramework\Automation\write_to_file.text"&gt;C:\Users\DELL\robotframework\RobotFramework\Automation\write_to_file.text&lt;/a&gt;'.</msg>
<status status="PASS" starttime="20220919 21:53:32.961" endtime="20220919 21:53:32.961"/>
</kw>
<status status="PASS" starttime="20220919 21:53:32.424" endtime="20220919 21:53:32.961"/>
</iter>
<iter>
<var name="${item}">&lt;selenium.webdriver.remote.webelement.WebElement (session="3a7eb7cf3be24f44cf255e6dafc14083", element="2bf06f05-035b-41fd-9604-60a323e62c16")&gt;</var>
<kw name="Get Text" library="SeleniumLibrary">
<var>${label}</var>
<arg>${item}</arg>
<doc>Returns the text value of the element identified by ``locator``.</doc>
<msg timestamp="20220919 21:53:33.095" level="INFO">${label} = Robot Framework - GitHub
https://github.com › robotframework › robotframework</msg>
<status status="PASS" starttime="20220919 21:53:32.961" endtime="20220919 21:53:33.096"/>
</kw>
<kw name="Get Element Attribute" library="SeleniumLibrary">
<var>${texts}</var>
<arg>${item}</arg>
<arg>href</arg>
<doc>Returns the value of ``attribute`` from the element ``locator``.</doc>
<msg timestamp="20220919 21:53:33.178" level="INFO">${texts} = https://github.com/robotframework/robotframework</msg>
<status status="PASS" starttime="20220919 21:53:33.096" endtime="20220919 21:53:33.178"/>
</kw>
<kw name="Log To Console" library="BuiltIn">
<arg>${label}${texts}</arg>
<doc>Logs the given message to the console.</doc>
<status status="PASS" starttime="20220919 21:53:33.178" endtime="20220919 21:53:33.178"/>
</kw>
<kw name="Convert To String" library="BuiltIn">
<var>${link}</var>
<arg>${texts}</arg>
<doc>Converts the given item to a Unicode string.</doc>
<msg timestamp="20220919 21:53:33.184" level="INFO">${link} = https://github.com/robotframework/robotframework</msg>
<status status="PASS" starttime="20220919 21:53:33.183" endtime="20220919 21:53:33.184"/>
</kw>
<kw name="Append To File" library="OperatingSystem">
<arg>${path}</arg>
<arg>${label}\nLink--${link}\n--------------\n</arg>
<arg>UTF-8</arg>
<doc>Appends the given content to the specified file.</doc>
<msg timestamp="20220919 21:53:33.184" level="INFO" html="true">Appended to file '&lt;a href="file://C:\Users\DELL\robotframework\RobotFramework\Automation\write_to_file.text"&gt;C:\Users\DELL\robotframework\RobotFramework\Automation\write_to_file.text&lt;/a&gt;'.</msg>
<status status="PASS" starttime="20220919 21:53:33.184" endtime="20220919 21:53:33.184"/>
</kw>
<status status="PASS" starttime="20220919 21:53:32.961" endtime="20220919 21:53:33.184"/>
</iter>
<iter>
<var name="${item}">&lt;selenium.webdriver.remote.webelement.WebElement (session="3a7eb7cf3be24f44cf255e6dafc14083", element="6ddde860-e7e8-48fc-9868-0ea43b0897b2")&gt;</var>
<kw name="Get Text" library="SeleniumLibrary">
<var>${label}</var>
<arg>${item}</arg>
<doc>Returns the text value of the element identified by ``locator``.</doc>
<msg timestamp="20220919 21:53:33.256" level="INFO">${label} = Robot Framework - GitHub
https://github.com › robotframework</msg>
<status status="PASS" starttime="20220919 21:53:33.184" endtime="20220919 21:53:33.256"/>
</kw>
<kw name="Get Element Attribute" library="SeleniumLibrary">
<var>${texts}</var>
<arg>${item}</arg>
<arg>href</arg>
<doc>Returns the value of ``attribute`` from the element ``locator``.</doc>
<msg timestamp="20220919 21:53:33.277" level="INFO">${texts} = https://github.com/robotframework</msg>
<status status="PASS" starttime="20220919 21:53:33.257" endtime="20220919 21:53:33.277"/>
</kw>
<kw name="Log To Console" library="BuiltIn">
<arg>${label}${texts}</arg>
<doc>Logs the given message to the console.</doc>
<status status="PASS" starttime="20220919 21:53:33.277" endtime="20220919 21:53:33.278"/>
</kw>
<kw name="Convert To String" library="BuiltIn">
<var>${link}</var>
<arg>${texts}</arg>
<doc>Converts the given item to a Unicode string.</doc>
<msg timestamp="20220919 21:53:33.278" level="INFO">${link} = https://github.com/robotframework</msg>
<status status="PASS" starttime="20220919 21:53:33.278" endtime="20220919 21:53:33.278"/>
</kw>
<kw name="Append To File" library="OperatingSystem">
<arg>${path}</arg>
<arg>${label}\nLink--${link}\n--------------\n</arg>
<arg>UTF-8</arg>
<doc>Appends the given content to the specified file.</doc>
<msg timestamp="20220919 21:53:33.278" level="INFO" html="true">Appended to file '&lt;a href="file://C:\Users\DELL\robotframework\RobotFramework\Automation\write_to_file.text"&gt;C:\Users\DELL\robotframework\RobotFramework\Automation\write_to_file.text&lt;/a&gt;'.</msg>
<status status="PASS" starttime="20220919 21:53:33.278" endtime="20220919 21:53:33.278"/>
</kw>
<status status="PASS" starttime="20220919 21:53:33.184" endtime="20220919 21:53:33.278"/>
</iter>
<iter>
<var name="${item}">&lt;selenium.webdriver.remote.webelement.WebElement (session="3a7eb7cf3be24f44cf255e6dafc14083", element="170973a5-f62f-4cf6-ac5f-ce11f84acdc2")&gt;</var>
<kw name="Get Text" library="SeleniumLibrary">
<var>${label}</var>
<arg>${item}</arg>
<doc>Returns the text value of the element identified by ``locator``.</doc>
<msg timestamp="20220919 21:53:33.315" level="INFO">${label} = Robot Framework - Wikipedia
https://en.wikipedia.org › wiki › Robot_Framework</msg>
<status status="PASS" starttime="20220919 21:53:33.278" endtime="20220919 21:53:33.315"/>
</kw>
<kw name="Get Element Attribute" library="SeleniumLibrary">
<var>${texts}</var>
<arg>${item}</arg>
<arg>href</arg>
<doc>Returns the value of ``attribute`` from the element ``locator``.</doc>
<msg timestamp="20220919 21:53:33.335" level="INFO">${texts} = https://en.wikipedia.org/wiki/Robot_Framework</msg>
<status status="PASS" starttime="20220919 21:53:33.315" endtime="20220919 21:53:33.335"/>
</kw>
<kw name="Log To Console" library="BuiltIn">
<arg>${label}${texts}</arg>
<doc>Logs the given message to the console.</doc>
<status status="PASS" starttime="20220919 21:53:33.335" endtime="20220919 21:53:33.341"/>
</kw>
<kw name="Convert To String" library="BuiltIn">
<var>${link}</var>
<arg>${texts}</arg>
<doc>Converts the given item to a Unicode string.</doc>
<msg timestamp="20220919 21:53:33.342" level="INFO">${link} = https://en.wikipedia.org/wiki/Robot_Framework</msg>
<status status="PASS" starttime="20220919 21:53:33.341" endtime="20220919 21:53:33.342"/>
</kw>
<kw name="Append To File" library="OperatingSystem">
<arg>${path}</arg>
<arg>${label}\nLink--${link}\n--------------\n</arg>
<arg>UTF-8</arg>
<doc>Appends the given content to the specified file.</doc>
<msg timestamp="20220919 21:53:33.344" level="INFO" html="true">Appended to file '&lt;a href="file://C:\Users\DELL\robotframework\RobotFramework\Automation\write_to_file.text"&gt;C:\Users\DELL\robotframework\RobotFramework\Automation\write_to_file.text&lt;/a&gt;'.</msg>
<status status="PASS" starttime="20220919 21:53:33.342" endtime="20220919 21:53:33.344"/>
</kw>
<status status="PASS" starttime="20220919 21:53:33.278" endtime="20220919 21:53:33.345"/>
</iter>
<iter>
<var name="${item}">&lt;selenium.webdriver.remote.webelement.WebElement (session="3a7eb7cf3be24f44cf255e6dafc14083", element="e5c005c6-7d6d-4ab4-8d8f-b9b3c8224f30")&gt;</var>
<kw name="Get Text" library="SeleniumLibrary">
<var>${label}</var>
<arg>${item}</arg>
<doc>Returns the text value of the element identified by ``locator``.</doc>
<msg timestamp="20220919 21:53:33.378" level="INFO">${label} = Basic concepts of Robot Framework - Robocorp
https://robocorp.com › docs › robot-framework › basics</msg>
<status status="PASS" starttime="20220919 21:53:33.345" endtime="20220919 21:53:33.378"/>
</kw>
<kw name="Get Element Attribute" library="SeleniumLibrary">
<var>${texts}</var>
<arg>${item}</arg>
<arg>href</arg>
<doc>Returns the value of ``attribute`` from the element ``locator``.</doc>
<msg timestamp="20220919 21:53:33.397" level="INFO">${texts} = https://robocorp.com/docs/languages-and-frameworks/robot-framework/basics</msg>
<status status="PASS" starttime="20220919 21:53:33.379" endtime="20220919 21:53:33.397"/>
</kw>
<kw name="Log To Console" library="BuiltIn">
<arg>${label}${texts}</arg>
<doc>Logs the given message to the console.</doc>
<status status="PASS" starttime="20220919 21:53:33.397" endtime="20220919 21:53:33.399"/>
</kw>
<kw name="Convert To String" library="BuiltIn">
<var>${link}</var>
<arg>${texts}</arg>
<doc>Converts the given item to a Unicode string.</doc>
<msg timestamp="20220919 21:53:33.400" level="INFO">${link} = https://robocorp.com/docs/languages-and-frameworks/robot-framework/basics</msg>
<status status="PASS" starttime="20220919 21:53:33.399" endtime="20220919 21:53:33.400"/>
</kw>
<kw name="Append To File" library="OperatingSystem">
<arg>${path}</arg>
<arg>${label}\nLink--${link}\n--------------\n</arg>
<arg>UTF-8</arg>
<doc>Appends the given content to the specified file.</doc>
<msg timestamp="20220919 21:53:33.403" level="INFO" html="true">Appended to file '&lt;a href="file://C:\Users\DELL\robotframework\RobotFramework\Automation\write_to_file.text"&gt;C:\Users\DELL\robotframework\RobotFramework\Automation\write_to_file.text&lt;/a&gt;'.</msg>
<status status="PASS" starttime="20220919 21:53:33.401" endtime="20220919 21:53:33.403"/>
</kw>
<status status="PASS" starttime="20220919 21:53:33.345" endtime="20220919 21:53:33.403"/>
</iter>
<iter>
<var name="${item}">&lt;selenium.webdriver.remote.webelement.WebElement (session="3a7eb7cf3be24f44cf255e6dafc14083", element="7b9cab04-7c57-4b66-8902-36246eb4f65b")&gt;</var>
<kw name="Get Text" library="SeleniumLibrary">
<var>${label}</var>
<arg>${item}</arg>
<doc>Returns the text value of the element identified by ``locator``.</doc>
<msg timestamp="20220919 21:53:33.433" level="INFO">${label} = Robot Framework - Test Automation University - Applitools
https://testautomationu.applitools.com › robot-framewo...</msg>
<status status="PASS" starttime="20220919 21:53:33.404" endtime="20220919 21:53:33.433"/>
</kw>
<kw name="Get Element Attribute" library="SeleniumLibrary">
<var>${texts}</var>
<arg>${item}</arg>
<arg>href</arg>
<doc>Returns the value of ``attribute`` from the element ``locator``.</doc>
<msg timestamp="20220919 21:53:33.452" level="INFO">${texts} = https://testautomationu.applitools.com/robot-framework-tutorial/</msg>
<status status="PASS" starttime="20220919 21:53:33.433" endtime="20220919 21:53:33.452"/>
</kw>
<kw name="Log To Console" library="BuiltIn">
<arg>${label}${texts}</arg>
<doc>Logs the given message to the console.</doc>
<status status="PASS" starttime="20220919 21:53:33.452" endtime="20220919 21:53:33.453"/>
</kw>
<kw name="Convert To String" library="BuiltIn">
<var>${link}</var>
<arg>${texts}</arg>
<doc>Converts the given item to a Unicode string.</doc>
<msg timestamp="20220919 21:53:33.453" level="INFO">${link} = https://testautomationu.applitools.com/robot-framework-tutorial/</msg>
<status status="PASS" starttime="20220919 21:53:33.453" endtime="20220919 21:53:33.453"/>
</kw>
<kw name="Append To File" library="OperatingSystem">
<arg>${path}</arg>
<arg>${label}\nLink--${link}\n--------------\n</arg>
<arg>UTF-8</arg>
<doc>Appends the given content to the specified file.</doc>
<msg timestamp="20220919 21:53:33.458" level="INFO" html="true">Appended to file '&lt;a href="file://C:\Users\DELL\robotframework\RobotFramework\Automation\write_to_file.text"&gt;C:\Users\DELL\robotframework\RobotFramework\Automation\write_to_file.text&lt;/a&gt;'.</msg>
<status status="PASS" starttime="20220919 21:53:33.453" endtime="20220919 21:53:33.458"/>
</kw>
<status status="PASS" starttime="20220919 21:53:33.404" endtime="20220919 21:53:33.458"/>
</iter>
<iter>
<var name="${item}">&lt;selenium.webdriver.remote.webelement.WebElement (session="3a7eb7cf3be24f44cf255e6dafc14083", element="6933fe98-c7f5-4486-b03f-c6e879a005f0")&gt;</var>
<kw name="Get Text" library="SeleniumLibrary">
<var>${label}</var>
<arg>${item}</arg>
<doc>Returns the text value of the element identified by ``locator``.</doc>
<msg timestamp="20220919 21:53:33.493" level="INFO">${label} = Robot Framework in Python - GeeksforGeeks
https://www.geeksforgeeks.org › robot-framework-in-p...</msg>
<status status="PASS" starttime="20220919 21:53:33.458" endtime="20220919 21:53:33.493"/>
</kw>
<kw name="Get Element Attribute" library="SeleniumLibrary">
<var>${texts}</var>
<arg>${item}</arg>
<arg>href</arg>
<doc>Returns the value of ``attribute`` from the element ``locator``.</doc>
<msg timestamp="20220919 21:53:33.515" level="INFO">${texts} = https://www.geeksforgeeks.org/robot-framework-in-python/</msg>
<status status="PASS" starttime="20220919 21:53:33.493" endtime="20220919 21:53:33.515"/>
</kw>
<kw name="Log To Console" library="BuiltIn">
<arg>${label}${texts}</arg>
<doc>Logs the given message to the console.</doc>
<status status="PASS" starttime="20220919 21:53:33.515" endtime="20220919 21:53:33.515"/>
</kw>
<kw name="Convert To String" library="BuiltIn">
<var>${link}</var>
<arg>${texts}</arg>
<doc>Converts the given item to a Unicode string.</doc>
<msg timestamp="20220919 21:53:33.515" level="INFO">${link} = https://www.geeksforgeeks.org/robot-framework-in-python/</msg>
<status status="PASS" starttime="20220919 21:53:33.515" endtime="20220919 21:53:33.515"/>
</kw>
<kw name="Append To File" library="OperatingSystem">
<arg>${path}</arg>
<arg>${label}\nLink--${link}\n--------------\n</arg>
<arg>UTF-8</arg>
<doc>Appends the given content to the specified file.</doc>
<msg timestamp="20220919 21:53:33.515" level="INFO" html="true">Appended to file '&lt;a href="file://C:\Users\DELL\robotframework\RobotFramework\Automation\write_to_file.text"&gt;C:\Users\DELL\robotframework\RobotFramework\Automation\write_to_file.text&lt;/a&gt;'.</msg>
<status status="PASS" starttime="20220919 21:53:33.515" endtime="20220919 21:53:33.515"/>
</kw>
<status status="PASS" starttime="20220919 21:53:33.458" endtime="20220919 21:53:33.515"/>
</iter>
<status status="PASS" starttime="20220919 21:53:32.422" endtime="20220919 21:53:33.515"/>
</for>
<kw name="Close Browser" library="SeleniumLibrary">
<doc>Closes the current browser.</doc>
<status status="PASS" starttime="20220919 21:53:33.525" endtime="20220919 21:53:36.385"/>
</kw>
<status status="PASS" starttime="20220919 21:53:04.915" endtime="20220919 21:53:36.386"/>
</test>
<status status="PASS" starttime="20220919 21:53:03.249" endtime="20220919 21:53:36.391"/>
</suite>
<statistics>
<total>
<stat pass="1" fail="0" skip="0">All Tests</stat>
</total>
<tag>
</tag>
<suite>
<stat pass="1" fail="0" skip="0" id="s1" name="Test">Test</stat>
</suite>
</statistics>
<errors>
</errors>
</robot>
